#
# There is insufficient memory for the Java Runtime Environment to continue.
# Native memory allocation (malloc) failed to allocate 32744 bytes for ChunkPool::allocate
# Possible reasons:
#   The system is out of physical RAM or swap space
#   The process is running with CompressedOops enabled, and the Java Heap may be blocking the growth of the native heap
# Possible solutions:
#   Reduce memory load on the system
#   Increase physical memory or swap space
#   Check if swap backing store is full
#   Decrease Java heap size (-Xmx/-Xms)
#   Decrease number of Java threads
#   Decrease Java thread stack sizes (-Xss)
#   Set larger code cache with -XX:ReservedCodeCacheSize=
#   JVM is running with Unscaled Compressed Oops mode in which the Java heap is
#     placed in the first 4GB address space. The Java Heap base address is the
#     maximum limit for the native heap growth. Please use -XX:HeapBaseMinAddress
#     to set the Java Heap base and to place the Java Heap above 4GB virtual address.
# This output file may be truncated or incomplete.
#
#  Out of Memory Error (arena.cpp:78), pid=11560, tid=7020
#
# JRE version: Java(TM) SE Runtime Environment (17.0.8+9) (build 17.0.8+9-LTS-211)
# Java VM: Java HotSpot(TM) 64-Bit Server VM (17.0.8+9-LTS-211, mixed mode, sharing, tiered, compressed oops, compressed class ptrs, g1 gc, windows-amd64)
# No core dump will be written. Minidumps are not enabled by default on client versions of Windows
#

---------------  S U M M A R Y ------------

Command Line: -ea -Didea.test.cyclic.buffer.size=1048576 -javaagent:C:\Program Files\JetBrains\IntelliJ IDEA Community Edition 2023.2.2\lib\idea_rt.jar=56008:C:\Program Files\JetBrains\IntelliJ IDEA Community Edition 2023.2.2\bin -Dfile.encoding=UTF-8 com.intellij.rt.junit.JUnitStarter -ideVersion5 -junit4 testsuite.LoginTest,userShouldLoginSuccessfullyWithValidCredentials

Host: Intel(R) Core(TM) i5-3230M CPU @ 2.60GHz, 4 cores, 7G,  Windows 10 , 64 bit Build 19041 (10.0.19041.3636)
Time: Sun Nov 19 22:15:06 2023 GMT Standard Time elapsed time: 11.650869 seconds (0d 0h 0m 11s)

---------------  T H R E A D  ---------------

Current thread (0x000001af434a4550):  JavaThread "C2 CompilerThread0" daemon [_thread_in_native, id=7020, stack(0x00000047c9600000,0x00000047c9700000)]


Current CompileTask:
C2:  11651 1955       4       jdk.internal.org.objectweb.asm.SymbolTable::addConstantUtf8Reference (101 bytes)

Stack: [0x00000047c9600000,0x00000047c9700000]
Native frames: (J=compiled Java code, j=interpreted, Vv=VM code, C=native code)
V  [jvm.dll+0x677d0a]
V  [jvm.dll+0x7d8c54]
V  [jvm.dll+0x7da3fe]
V  [jvm.dll+0x7daa63]
V  [jvm.dll+0x245c5f]
V  [jvm.dll+0xaacc0]
V  [jvm.dll+0xab00c]
V  [jvm.dll+0x247e80]
V  [jvm.dll+0x2188ba]
V  [jvm.dll+0x216b3a]
V  [jvm.dll+0x1a3af0]
V  [jvm.dll+0x2270be]
V  [jvm.dll+0x22535b]
V  [jvm.dll+0x78e7bc]
V  [jvm.dll+0x788bba]
V  [jvm.dll+0x676b35]
C  [ucrtbase.dll+0x21bb2]
C  [KERNEL32.DLL+0x17344]
C  [ntdll.dll+0x526b1]


---------------  P R O C E S S  ---------------

Threads class SMR info:
_java_thread_list=0x000001af897652f0, length=26, elements={
0x000001af25c3fc10, 0x000001af4348f8c0, 0x000001af43490640, 0x000001af434a0c60,
0x000001af434a1720, 0x000001af434a1fe0, 0x000001af434a38b0, 0x000001af434a4550,
0x000001af434a6f10, 0x000001af434a7fb0, 0x000001af43477560, 0x000001af4379ba40,
0x000001af4371fb00, 0x000001af89285340, 0x000001af89500d70, 0x000001af894cd170,
0x000001af894cd640, 0x000001af894adb40, 0x000001af894c7680, 0x000001af893a23b0,
0x000001af893a3bc0, 0x000001af893a4090, 0x000001af893a2880, 0x000001af893a36f0,
0x000001af893a3220, 0x000001af893a2d50
}

Java Threads: ( => current thread )
  0x000001af25c3fc10 JavaThread "main" [_thread_in_vm, id=4048, stack(0x00000047c8900000,0x00000047c8a00000)]
  0x000001af4348f8c0 JavaThread "Reference Handler" daemon [_thread_blocked, id=15196, stack(0x00000047c9000000,0x00000047c9100000)]
  0x000001af43490640 JavaThread "Finalizer" daemon [_thread_blocked, id=9320, stack(0x00000047c9100000,0x00000047c9200000)]
  0x000001af434a0c60 JavaThread "Signal Dispatcher" daemon [_thread_blocked, id=15028, stack(0x00000047c9200000,0x00000047c9300000)]
  0x000001af434a1720 JavaThread "Attach Listener" daemon [_thread_blocked, id=5188, stack(0x00000047c9300000,0x00000047c9400000)]
  0x000001af434a1fe0 JavaThread "Service Thread" daemon [_thread_blocked, id=21524, stack(0x00000047c9400000,0x00000047c9500000)]
  0x000001af434a38b0 JavaThread "Monitor Deflation Thread" daemon [_thread_blocked, id=24812, stack(0x00000047c9500000,0x00000047c9600000)]
=>0x000001af434a4550 JavaThread "C2 CompilerThread0" daemon [_thread_in_native, id=7020, stack(0x00000047c9600000,0x00000047c9700000)]
  0x000001af434a6f10 JavaThread "C1 CompilerThread0" daemon [_thread_in_native, id=24108, stack(0x00000047c9700000,0x00000047c9800000)]
  0x000001af434a7fb0 JavaThread "Sweeper thread" daemon [_thread_blocked, id=14652, stack(0x00000047c9800000,0x00000047c9900000)]
  0x000001af43477560 JavaThread "Common-Cleaner" daemon [_thread_blocked, id=2720, stack(0x00000047c9900000,0x00000047c9a00000)]
  0x000001af4379ba40 JavaThread "Monitor Ctrl-Break" daemon [_thread_in_native, id=25572, stack(0x00000047c9a00000,0x00000047c9b00000)]
  0x000001af4371fb00 JavaThread "Notification Thread" daemon [_thread_blocked, id=4964, stack(0x00000047c9b00000,0x00000047c9c00000)]
  0x000001af89285340 JavaThread "ForkJoinPool.commonPool-worker-1" daemon [_thread_blocked, id=25360, stack(0x00000047c9d00000,0x00000047c9e00000)]
  0x000001af89500d70 JavaThread "HttpClient-1-SelectorManager" daemon [_thread_in_native, id=12388, stack(0x00000047c9e00000,0x00000047c9f00000)]
  0x000001af894cd170 JavaThread "Thread-2" [_thread_in_native, id=18392, stack(0x00000047ca200000,0x00000047ca300000)]
  0x000001af894cd640 JavaThread "Driver Service Executor" daemon [_thread_blocked, id=564, stack(0x00000047ca300000,0x00000047ca400000)]
  0x000001af894adb40 JavaThread "Driver Service Executor" daemon [_thread_in_native, id=19632, stack(0x00000047ca400000,0x00000047ca500000)]
  0x000001af894c7680 JavaThread "UrlChecker-2" daemon [_thread_blocked, id=23036, stack(0x00000047ca500000,0x00000047ca600000)]
  0x000001af893a23b0 JavaThread "pool-1-thread-1" [_thread_blocked, id=23332, stack(0x00000047ca800000,0x00000047ca900000)]
  0x000001af893a3bc0 JavaThread "pool-1-thread-2" [_thread_blocked, id=5460, stack(0x00000047ca900000,0x00000047caa00000)]
  0x000001af893a4090 JavaThread "pool-1-thread-3" [_thread_blocked, id=5756, stack(0x00000047caa00000,0x00000047cab00000)]
  0x000001af893a2880 JavaThread "HttpClient-2-SelectorManager" daemon [_thread_in_native, id=19600, stack(0x00000047cab00000,0x00000047cac00000)]
  0x000001af893a36f0 JavaThread "pool-2-thread-1" [_thread_blocked, id=26588, stack(0x00000047cac00000,0x00000047cad00000)]
  0x000001af893a3220 JavaThread "pool-2-thread-2" [_thread_blocked, id=24636, stack(0x00000047cad00000,0x00000047cae00000)]
  0x000001af893a2d50 JavaThread "pool-2-thread-3" [_thread_blocked, id=24320, stack(0x00000047cae00000,0x00000047caf00000)]

Other Threads:
  0x000001af43489950 VMThread "VM Thread" [stack: 0x00000047c8f00000,0x00000047c9000000] [id=25196]
  0x000001af437e3d20 WatcherThread [stack: 0x00000047c9c00000,0x00000047c9d00000] [id=21880]
  0x000001af25c988a0 GCTaskThread "GC Thread#0" [stack: 0x00000047c8a00000,0x00000047c8b00000] [id=26300]
  0x000001af892b2bf0 GCTaskThread "GC Thread#1" [stack: 0x00000047c9f00000,0x00000047ca000000] [id=4316]
  0x000001af89339870 GCTaskThread "GC Thread#2" [stack: 0x00000047ca000000,0x00000047ca100000] [id=764]
  0x000001af89344850 GCTaskThread "GC Thread#3" [stack: 0x00000047ca100000,0x00000047ca200000] [id=15656]
  0x000001af25ca9330 ConcurrentGCThread "G1 Main Marker" [stack: 0x00000047c8b00000,0x00000047c8c00000] [id=23868]
  0x000001af25ca9c50 ConcurrentGCThread "G1 Conc#0" [stack: 0x00000047c8c00000,0x00000047c8d00000] [id=12396]
  0x000001af25d11890 ConcurrentGCThread "G1 Refine#0" [stack: 0x00000047c8d00000,0x00000047c8e00000] [id=14964]
  0x000001af25d121c0 ConcurrentGCThread "G1 Service" [stack: 0x00000047c8e00000,0x00000047c8f00000] [id=13496]

Threads with active compile tasks:
C2 CompilerThread0    11725 1955       4       jdk.internal.org.objectweb.asm.SymbolTable::addConstantUtf8Reference (101 bytes)
C1 CompilerThread0    11725 1944       3       java.lang.invoke.AbstractValidatingLambdaMetafactory::validateMetafactoryArgs (607 bytes)

VM state: not at safepoint (normal execution)

VM Mutex/Monitor currently owned by a thread: None

Heap address: 0x0000000081e00000, size: 2018 MB, Compressed Oops mode: 32-bit

CDS archive(s) mapped at: [0x000001af44000000-0x000001af44bd0000-0x000001af44bd0000), size 12386304, SharedBaseAddress: 0x000001af44000000, ArchiveRelocationMode: 1.
Compressed class space mapped at: 0x000001af45000000-0x000001af85000000, reserved size: 1073741824
Narrow klass base: 0x000001af44000000, Narrow klass shift: 0, Narrow klass range: 0x100000000

GC Precious Log:
 CPUs: 4 total, 4 available
 Memory: 8066M
 Large Page Support: Disabled
 NUMA Support: Disabled
 Compressed Oops: Enabled (32-bit)
 Heap Region Size: 1M
 Heap Min Capacity: 8M
 Heap Initial Capacity: 128M
 Heap Max Capacity: 2018M
 Pre-touch: Disabled
 Parallel Workers: 4
 Concurrent Workers: 1
 Concurrent Refinement Workers: 4
 Periodic GC: Disabled

Heap:
 garbage-first heap   total 131072K, used 17644K [0x0000000081e00000, 0x0000000100000000)
  region size 1024K, 12 young (12288K), 2 survivors (2048K)
 Metaspace       used 14359K, committed 14656K, reserved 1114112K
  class space    used 1780K, committed 1920K, reserved 1048576K

Heap Regions: E=young(eden), S=young(survivor), O=old, HS=humongous(starts), HC=humongous(continues), CS=collection set, F=free, OA=open archive, CA=closed archive, TAMS=top-at-mark-start (previous, next)
|   0|0x0000000081e00000, 0x0000000081f00000, 0x0000000081f00000|100%|HS|  |TAMS 0x0000000081e00000, 0x0000000081e00000| Complete 
|   1|0x0000000081f00000, 0x0000000082000000, 0x0000000082000000|100%|HC|  |TAMS 0x0000000081f00000, 0x0000000081f00000| Complete 
|   2|0x0000000082000000, 0x0000000082100000, 0x0000000082100000|100%|HC|  |TAMS 0x0000000082000000, 0x0000000082000000| Complete 
|   3|0x0000000082100000, 0x0000000082200000, 0x0000000082200000|100%| O|  |TAMS 0x0000000082100000, 0x0000000082100000| Untracked 
|   4|0x0000000082200000, 0x0000000082300000, 0x0000000082300000|100%| O|  |TAMS 0x0000000082200000, 0x0000000082200000| Untracked 
|   5|0x0000000082300000, 0x0000000082400000, 0x0000000082400000|100%| O|  |TAMS 0x0000000082300000, 0x0000000082300000| Untracked 
|   6|0x0000000082400000, 0x0000000082459600, 0x0000000082500000| 34%| O|  |TAMS 0x0000000082400000, 0x0000000082400000| Untracked 
|   7|0x0000000082500000, 0x0000000082500000, 0x0000000082600000|  0%| F|  |TAMS 0x0000000082500000, 0x0000000082500000| Untracked 
|   8|0x0000000082600000, 0x0000000082600000, 0x0000000082700000|  0%| F|  |TAMS 0x0000000082600000, 0x0000000082600000| Untracked 
|   9|0x0000000082700000, 0x0000000082700000, 0x0000000082800000|  0%| F|  |TAMS 0x0000000082700000, 0x0000000082700000| Untracked 
|  10|0x0000000082800000, 0x0000000082800000, 0x0000000082900000|  0%| F|  |TAMS 0x0000000082800000, 0x0000000082800000| Untracked 
|  11|0x0000000082900000, 0x0000000082900000, 0x0000000082a00000|  0%| F|  |TAMS 0x0000000082900000, 0x0000000082900000| Untracked 
|  12|0x0000000082a00000, 0x0000000082a00000, 0x0000000082b00000|  0%| F|  |TAMS 0x0000000082a00000, 0x0000000082a00000| Untracked 
|  13|0x0000000082b00000, 0x0000000082b00000, 0x0000000082c00000|  0%| F|  |TAMS 0x0000000082b00000, 0x0000000082b00000| Untracked 
|  14|0x0000000082c00000, 0x0000000082c00000, 0x0000000082d00000|  0%| F|  |TAMS 0x0000000082c00000, 0x0000000082c00000| Untracked 
|  15|0x0000000082d00000, 0x0000000082d00000, 0x0000000082e00000|  0%| F|  |TAMS 0x0000000082d00000, 0x0000000082d00000| Untracked 
|  16|0x0000000082e00000, 0x0000000082e00000, 0x0000000082f00000|  0%| F|  |TAMS 0x0000000082e00000, 0x0000000082e00000| Untracked 
|  17|0x0000000082f00000, 0x0000000082f00000, 0x0000000083000000|  0%| F|  |TAMS 0x0000000082f00000, 0x0000000082f00000| Untracked 
|  18|0x0000000083000000, 0x0000000083000000, 0x0000000083100000|  0%| F|  |TAMS 0x0000000083000000, 0x0000000083000000| Untracked 
|  19|0x0000000083100000, 0x0000000083100000, 0x0000000083200000|  0%| F|  |TAMS 0x0000000083100000, 0x0000000083100000| Untracked 
|  20|0x0000000083200000, 0x0000000083200000, 0x0000000083300000|  0%| F|  |TAMS 0x0000000083200000, 0x0000000083200000| Untracked 
|  21|0x0000000083300000, 0x0000000083300000, 0x0000000083400000|  0%| F|  |TAMS 0x0000000083300000, 0x0000000083300000| Untracked 
|  22|0x0000000083400000, 0x0000000083400000, 0x0000000083500000|  0%| F|  |TAMS 0x0000000083400000, 0x0000000083400000| Untracked 
|  23|0x0000000083500000, 0x0000000083500000, 0x0000000083600000|  0%| F|  |TAMS 0x0000000083500000, 0x0000000083500000| Untracked 
|  24|0x0000000083600000, 0x0000000083600000, 0x0000000083700000|  0%| F|  |TAMS 0x0000000083600000, 0x0000000083600000| Untracked 
|  25|0x0000000083700000, 0x0000000083700000, 0x0000000083800000|  0%| F|  |TAMS 0x0000000083700000, 0x0000000083700000| Untracked 
|  26|0x0000000083800000, 0x0000000083800000, 0x0000000083900000|  0%| F|  |TAMS 0x0000000083800000, 0x0000000083800000| Untracked 
|  27|0x0000000083900000, 0x0000000083900000, 0x0000000083a00000|  0%| F|  |TAMS 0x0000000083900000, 0x0000000083900000| Untracked 
|  28|0x0000000083a00000, 0x0000000083a00000, 0x0000000083b00000|  0%| F|  |TAMS 0x0000000083a00000, 0x0000000083a00000| Untracked 
|  29|0x0000000083b00000, 0x0000000083b00000, 0x0000000083c00000|  0%| F|  |TAMS 0x0000000083b00000, 0x0000000083b00000| Untracked 
|  30|0x0000000083c00000, 0x0000000083c00000, 0x0000000083d00000|  0%| F|  |TAMS 0x0000000083c00000, 0x0000000083c00000| Untracked 
|  31|0x0000000083d00000, 0x0000000083d00000, 0x0000000083e00000|  0%| F|  |TAMS 0x0000000083d00000, 0x0000000083d00000| Untracked 
|  32|0x0000000083e00000, 0x0000000083e00000, 0x0000000083f00000|  0%| F|  |TAMS 0x0000000083e00000, 0x0000000083e00000| Untracked 
|  33|0x0000000083f00000, 0x0000000083f00000, 0x0000000084000000|  0%| F|  |TAMS 0x0000000083f00000, 0x0000000083f00000| Untracked 
|  34|0x0000000084000000, 0x0000000084000000, 0x0000000084100000|  0%| F|  |TAMS 0x0000000084000000, 0x0000000084000000| Untracked 
|  35|0x0000000084100000, 0x0000000084100000, 0x0000000084200000|  0%| F|  |TAMS 0x0000000084100000, 0x0000000084100000| Untracked 
|  36|0x0000000084200000, 0x0000000084200000, 0x0000000084300000|  0%| F|  |TAMS 0x0000000084200000, 0x0000000084200000| Untracked 
|  37|0x0000000084300000, 0x0000000084300000, 0x0000000084400000|  0%| F|  |TAMS 0x0000000084300000, 0x0000000084300000| Untracked 
|  38|0x0000000084400000, 0x0000000084400000, 0x0000000084500000|  0%| F|  |TAMS 0x0000000084400000, 0x0000000084400000| Untracked 
|  39|0x0000000084500000, 0x0000000084500000, 0x0000000084600000|  0%| F|  |TAMS 0x0000000084500000, 0x0000000084500000| Untracked 
|  40|0x0000000084600000, 0x0000000084600000, 0x0000000084700000|  0%| F|  |TAMS 0x0000000084600000, 0x0000000084600000| Untracked 
|  41|0x0000000084700000, 0x0000000084700000, 0x0000000084800000|  0%| F|  |TAMS 0x0000000084700000, 0x0000000084700000| Untracked 
|  42|0x0000000084800000, 0x0000000084800000, 0x0000000084900000|  0%| F|  |TAMS 0x0000000084800000, 0x0000000084800000| Untracked 
|  43|0x0000000084900000, 0x0000000084900000, 0x0000000084a00000|  0%| F|  |TAMS 0x0000000084900000, 0x0000000084900000| Untracked 
|  44|0x0000000084a00000, 0x0000000084a00000, 0x0000000084b00000|  0%| F|  |TAMS 0x0000000084a00000, 0x0000000084a00000| Untracked 
|  45|0x0000000084b00000, 0x0000000084b00000, 0x0000000084c00000|  0%| F|  |TAMS 0x0000000084b00000, 0x0000000084b00000| Untracked 
|  46|0x0000000084c00000, 0x0000000084c00000, 0x0000000084d00000|  0%| F|  |TAMS 0x0000000084c00000, 0x0000000084c00000| Untracked 
|  47|0x0000000084d00000, 0x0000000084d00000, 0x0000000084e00000|  0%| F|  |TAMS 0x0000000084d00000, 0x0000000084d00000| Untracked 
|  48|0x0000000084e00000, 0x0000000084e00000, 0x0000000084f00000|  0%| F|  |TAMS 0x0000000084e00000, 0x0000000084e00000| Untracked 
|  49|0x0000000084f00000, 0x0000000084f00000, 0x0000000085000000|  0%| F|  |TAMS 0x0000000084f00000, 0x0000000084f00000| Untracked 
|  50|0x0000000085000000, 0x0000000085000000, 0x0000000085100000|  0%| F|  |TAMS 0x0000000085000000, 0x0000000085000000| Untracked 
|  51|0x0000000085100000, 0x0000000085100000, 0x0000000085200000|  0%| F|  |TAMS 0x0000000085100000, 0x0000000085100000| Untracked 
|  52|0x0000000085200000, 0x0000000085200000, 0x0000000085300000|  0%| F|  |TAMS 0x0000000085200000, 0x0000000085200000| Untracked 
|  53|0x0000000085300000, 0x0000000085300000, 0x0000000085400000|  0%| F|  |TAMS 0x0000000085300000, 0x0000000085300000| Untracked 
|  54|0x0000000085400000, 0x0000000085400000, 0x0000000085500000|  0%| F|  |TAMS 0x0000000085400000, 0x0000000085400000| Untracked 
|  55|0x0000000085500000, 0x0000000085500000, 0x0000000085600000|  0%| F|  |TAMS 0x0000000085500000, 0x0000000085500000| Untracked 
|  56|0x0000000085600000, 0x0000000085600000, 0x0000000085700000|  0%| F|  |TAMS 0x0000000085600000, 0x0000000085600000| Untracked 
|  57|0x0000000085700000, 0x0000000085700000, 0x0000000085800000|  0%| F|  |TAMS 0x0000000085700000, 0x0000000085700000| Untracked 
|  58|0x0000000085800000, 0x0000000085800000, 0x0000000085900000|  0%| F|  |TAMS 0x0000000085800000, 0x0000000085800000| Untracked 
|  59|0x0000000085900000, 0x0000000085900000, 0x0000000085a00000|  0%| F|  |TAMS 0x0000000085900000, 0x0000000085900000| Untracked 
|  60|0x0000000085a00000, 0x0000000085a00000, 0x0000000085b00000|  0%| F|  |TAMS 0x0000000085a00000, 0x0000000085a00000| Untracked 
|  61|0x0000000085b00000, 0x0000000085b00000, 0x0000000085c00000|  0%| F|  |TAMS 0x0000000085b00000, 0x0000000085b00000| Untracked 
|  62|0x0000000085c00000, 0x0000000085c00000, 0x0000000085d00000|  0%| F|  |TAMS 0x0000000085c00000, 0x0000000085c00000| Untracked 
|  63|0x0000000085d00000, 0x0000000085d00000, 0x0000000085e00000|  0%| F|  |TAMS 0x0000000085d00000, 0x0000000085d00000| Untracked 
|  64|0x0000000085e00000, 0x0000000085e00000, 0x0000000085f00000|  0%| F|  |TAMS 0x0000000085e00000, 0x0000000085e00000| Untracked 
|  65|0x0000000085f00000, 0x0000000085f00000, 0x0000000086000000|  0%| F|  |TAMS 0x0000000085f00000, 0x0000000085f00000| Untracked 
|  66|0x0000000086000000, 0x0000000086000000, 0x0000000086100000|  0%| F|  |TAMS 0x0000000086000000, 0x0000000086000000| Untracked 
|  67|0x0000000086100000, 0x0000000086100000, 0x0000000086200000|  0%| F|  |TAMS 0x0000000086100000, 0x0000000086100000| Untracked 
|  68|0x0000000086200000, 0x0000000086200000, 0x0000000086300000|  0%| F|  |TAMS 0x0000000086200000, 0x0000000086200000| Untracked 
|  69|0x0000000086300000, 0x0000000086300000, 0x0000000086400000|  0%| F|  |TAMS 0x0000000086300000, 0x0000000086300000| Untracked 
|  70|0x0000000086400000, 0x0000000086400000, 0x0000000086500000|  0%| F|  |TAMS 0x0000000086400000, 0x0000000086400000| Untracked 
|  71|0x0000000086500000, 0x0000000086500000, 0x0000000086600000|  0%| F|  |TAMS 0x0000000086500000, 0x0000000086500000| Untracked 
|  72|0x0000000086600000, 0x0000000086600000, 0x0000000086700000|  0%| F|  |TAMS 0x0000000086600000, 0x0000000086600000| Untracked 
|  73|0x0000000086700000, 0x0000000086700000, 0x0000000086800000|  0%| F|  |TAMS 0x0000000086700000, 0x0000000086700000| Untracked 
|  74|0x0000000086800000, 0x0000000086800000, 0x0000000086900000|  0%| F|  |TAMS 0x0000000086800000, 0x0000000086800000| Untracked 
|  75|0x0000000086900000, 0x0000000086900000, 0x0000000086a00000|  0%| F|  |TAMS 0x0000000086900000, 0x0000000086900000| Untracked 
|  76|0x0000000086a00000, 0x0000000086a00000, 0x0000000086b00000|  0%| F|  |TAMS 0x0000000086a00000, 0x0000000086a00000| Untracked 
|  77|0x0000000086b00000, 0x0000000086b00000, 0x0000000086c00000|  0%| F|  |TAMS 0x0000000086b00000, 0x0000000086b00000| Untracked 
|  78|0x0000000086c00000, 0x0000000086c00000, 0x0000000086d00000|  0%| F|  |TAMS 0x0000000086c00000, 0x0000000086c00000| Untracked 
|  79|0x0000000086d00000, 0x0000000086d00000, 0x0000000086e00000|  0%| F|  |TAMS 0x0000000086d00000, 0x0000000086d00000| Untracked 
|  80|0x0000000086e00000, 0x0000000086e00000, 0x0000000086f00000|  0%| F|  |TAMS 0x0000000086e00000, 0x0000000086e00000| Untracked 
|  81|0x0000000086f00000, 0x0000000086f00000, 0x0000000087000000|  0%| F|  |TAMS 0x0000000086f00000, 0x0000000086f00000| Untracked 
|  82|0x0000000087000000, 0x0000000087000000, 0x0000000087100000|  0%| F|  |TAMS 0x0000000087000000, 0x0000000087000000| Untracked 
|  83|0x0000000087100000, 0x0000000087100000, 0x0000000087200000|  0%| F|  |TAMS 0x0000000087100000, 0x0000000087100000| Untracked 
|  84|0x0000000087200000, 0x0000000087200000, 0x0000000087300000|  0%| F|  |TAMS 0x0000000087200000, 0x0000000087200000| Untracked 
|  85|0x0000000087300000, 0x0000000087300000, 0x0000000087400000|  0%| F|  |TAMS 0x0000000087300000, 0x0000000087300000| Untracked 
|  86|0x0000000087400000, 0x0000000087400000, 0x0000000087500000|  0%| F|  |TAMS 0x0000000087400000, 0x0000000087400000| Untracked 
|  87|0x0000000087500000, 0x0000000087500000, 0x0000000087600000|  0%| F|  |TAMS 0x0000000087500000, 0x0000000087500000| Untracked 
|  88|0x0000000087600000, 0x0000000087600000, 0x0000000087700000|  0%| F|  |TAMS 0x0000000087600000, 0x0000000087600000| Untracked 
|  89|0x0000000087700000, 0x0000000087700000, 0x0000000087800000|  0%| F|  |TAMS 0x0000000087700000, 0x0000000087700000| Untracked 
|  90|0x0000000087800000, 0x0000000087800000, 0x0000000087900000|  0%| F|  |TAMS 0x0000000087800000, 0x0000000087800000| Untracked 
|  91|0x0000000087900000, 0x0000000087900000, 0x0000000087a00000|  0%| F|  |TAMS 0x0000000087900000, 0x0000000087900000| Untracked 
|  92|0x0000000087a00000, 0x0000000087a00000, 0x0000000087b00000|  0%| F|  |TAMS 0x0000000087a00000, 0x0000000087a00000| Untracked 
|  93|0x0000000087b00000, 0x0000000087b00000, 0x0000000087c00000|  0%| F|  |TAMS 0x0000000087b00000, 0x0000000087b00000| Untracked 
|  94|0x0000000087c00000, 0x0000000087c00000, 0x0000000087d00000|  0%| F|  |TAMS 0x0000000087c00000, 0x0000000087c00000| Untracked 
|  95|0x0000000087d00000, 0x0000000087d00000, 0x0000000087e00000|  0%| F|  |TAMS 0x0000000087d00000, 0x0000000087d00000| Untracked 
|  96|0x0000000087e00000, 0x0000000087e00000, 0x0000000087f00000|  0%| F|  |TAMS 0x0000000087e00000, 0x0000000087e00000| Untracked 
|  97|0x0000000087f00000, 0x0000000087f00000, 0x0000000088000000|  0%| F|  |TAMS 0x0000000087f00000, 0x0000000087f00000| Untracked 
|  98|0x0000000088000000, 0x0000000088000000, 0x0000000088100000|  0%| F|  |TAMS 0x0000000088000000, 0x0000000088000000| Untracked 
|  99|0x0000000088100000, 0x0000000088100000, 0x0000000088200000|  0%| F|  |TAMS 0x0000000088100000, 0x0000000088100000| Untracked 
| 100|0x0000000088200000, 0x0000000088200000, 0x0000000088300000|  0%| F|  |TAMS 0x0000000088200000, 0x0000000088200000| Untracked 
| 101|0x0000000088300000, 0x0000000088300000, 0x0000000088400000|  0%| F|  |TAMS 0x0000000088300000, 0x0000000088300000| Untracked 
| 102|0x0000000088400000, 0x0000000088400000, 0x0000000088500000|  0%| F|  |TAMS 0x0000000088400000, 0x0000000088400000| Untracked 
| 103|0x0000000088500000, 0x0000000088500000, 0x0000000088600000|  0%| F|  |TAMS 0x0000000088500000, 0x0000000088500000| Untracked 
| 104|0x0000000088600000, 0x0000000088600000, 0x0000000088700000|  0%| F|  |TAMS 0x0000000088600000, 0x0000000088600000| Untracked 
| 105|0x0000000088700000, 0x0000000088700000, 0x0000000088800000|  0%| F|  |TAMS 0x0000000088700000, 0x0000000088700000| Untracked 
| 106|0x0000000088800000, 0x0000000088800000, 0x0000000088900000|  0%| F|  |TAMS 0x0000000088800000, 0x0000000088800000| Untracked 
| 107|0x0000000088900000, 0x0000000088900000, 0x0000000088a00000|  0%| F|  |TAMS 0x0000000088900000, 0x0000000088900000| Untracked 
| 108|0x0000000088a00000, 0x0000000088a00000, 0x0000000088b00000|  0%| F|  |TAMS 0x0000000088a00000, 0x0000000088a00000| Untracked 
| 109|0x0000000088b00000, 0x0000000088b00000, 0x0000000088c00000|  0%| F|  |TAMS 0x0000000088b00000, 0x0000000088b00000| Untracked 
| 110|0x0000000088c00000, 0x0000000088c00000, 0x0000000088d00000|  0%| F|  |TAMS 0x0000000088c00000, 0x0000000088c00000| Untracked 
| 111|0x0000000088d00000, 0x0000000088d00000, 0x0000000088e00000|  0%| F|  |TAMS 0x0000000088d00000, 0x0000000088d00000| Untracked 
| 112|0x0000000088e00000, 0x0000000088ee1b18, 0x0000000088f00000| 88%| S|CS|TAMS 0x0000000088e00000, 0x0000000088e00000| Complete 
| 113|0x0000000088f00000, 0x0000000088f00000, 0x0000000089000000|  0%| F|  |TAMS 0x0000000088f00000, 0x0000000088f00000| Untracked 
| 114|0x0000000089000000, 0x0000000089000000, 0x0000000089100000|  0%| F|  |TAMS 0x0000000089000000, 0x0000000089000000| Untracked 
| 115|0x0000000089100000, 0x0000000089200000, 0x0000000089200000|100%| S|CS|TAMS 0x0000000089100000, 0x0000000089100000| Complete 
| 116|0x0000000089200000, 0x0000000089200000, 0x0000000089300000|  0%| F|  |TAMS 0x0000000089200000, 0x0000000089200000| Untracked 
| 117|0x0000000089300000, 0x0000000089300000, 0x0000000089400000|  0%| F|  |TAMS 0x0000000089300000, 0x0000000089300000| Untracked 
| 118|0x0000000089400000, 0x0000000089478858, 0x0000000089500000| 47%| E|  |TAMS 0x0000000089400000, 0x0000000089400000| Complete 
| 119|0x0000000089500000, 0x0000000089600000, 0x0000000089600000|100%| E|CS|TAMS 0x0000000089500000, 0x0000000089500000| Complete 
| 120|0x0000000089600000, 0x0000000089700000, 0x0000000089700000|100%| E|CS|TAMS 0x0000000089600000, 0x0000000089600000| Complete 
| 121|0x0000000089700000, 0x0000000089800000, 0x0000000089800000|100%| E|CS|TAMS 0x0000000089700000, 0x0000000089700000| Complete 
| 122|0x0000000089800000, 0x0000000089900000, 0x0000000089900000|100%| E|CS|TAMS 0x0000000089800000, 0x0000000089800000| Complete 
| 123|0x0000000089900000, 0x0000000089a00000, 0x0000000089a00000|100%| E|CS|TAMS 0x0000000089900000, 0x0000000089900000| Complete 
| 124|0x0000000089a00000, 0x0000000089b00000, 0x0000000089b00000|100%| E|CS|TAMS 0x0000000089a00000, 0x0000000089a00000| Complete 
| 125|0x0000000089b00000, 0x0000000089c00000, 0x0000000089c00000|100%| E|CS|TAMS 0x0000000089b00000, 0x0000000089b00000| Complete 
| 126|0x0000000089c00000, 0x0000000089d00000, 0x0000000089d00000|100%| E|CS|TAMS 0x0000000089c00000, 0x0000000089c00000| Complete 
| 127|0x0000000089d00000, 0x0000000089e00000, 0x0000000089e00000|100%| E|CS|TAMS 0x0000000089d00000, 0x0000000089d00000| Complete 

Card table byte_map: [0x000001af3c8f0000,0x000001af3ccf0000] _byte_map_base: 0x000001af3c4e1000

Marking Bits (Prev, Next): (CMBitMap*) 0x000001af25c98dc0, (CMBitMap*) 0x000001af25c98e00
 Prev Bits: [0x000001af3d0f0000, 0x000001af3f078000)
 Next Bits: [0x000001af3f080000, 0x000001af41008000)

Polling page: 0x000001af23c00000

Metaspace:

Usage:
  Non-class:     12.28 MB used.
      Class:      1.74 MB used.
       Both:     14.02 MB used.

Virtual space:
  Non-class space:       64.00 MB reserved,      12.44 MB ( 19%) committed,  1 nodes.
      Class space:        1.00 GB reserved,       1.88 MB ( <1%) committed,  1 nodes.
             Both:        1.06 GB reserved,      14.31 MB (  1%) committed. 

Chunk freelists:
   Non-Class:  2.79 MB
       Class:  14.11 MB
        Both:  16.90 MB

MaxMetaspaceSize: unlimited
CompressedClassSpaceSize: 1.00 GB
Initial GC threshold: 21.00 MB
Current GC threshold: 21.00 MB
CDS: on
MetaspaceReclaimPolicy: balanced
 - commit_granule_bytes: 65536.
 - commit_granule_words: 8192.
 - virtual_space_node_default_size: 8388608.
 - enlarge_chunks_in_place: 1.
 - new_chunks_are_fully_committed: 0.
 - uncommit_free_chunks: 1.
 - use_allocation_guard: 0.
 - handle_deallocations: 1.


Internal statistics:

num_allocs_failed_limit: 0.
num_arena_births: 242.
num_arena_deaths: 0.
num_vsnodes_births: 2.
num_vsnodes_deaths: 0.
num_space_committed: 229.
num_space_uncommitted: 0.
num_chunks_returned_to_freelist: 0.
num_chunks_taken_from_freelist: 592.
num_chunk_merges: 0.
num_chunk_splits: 361.
num_chunks_enlarged: 244.
num_purges: 0.
num_inconsistent_stats: 0.

CodeHeap 'non-profiled nmethods': size=120000Kb used=614Kb max_used=614Kb free=119385Kb
 bounds [0x000001af34fc0000, 0x000001af35230000, 0x000001af3c4f0000]
CodeHeap 'profiled nmethods': size=120000Kb used=3702Kb max_used=3702Kb free=116297Kb
 bounds [0x000001af2d4f0000, 0x000001af2d890000, 0x000001af34a20000]
CodeHeap 'non-nmethods': size=5760Kb used=1230Kb max_used=1286Kb free=4529Kb
 bounds [0x000001af34a20000, 0x000001af34c90000, 0x000001af34fc0000]
 total_blobs=2483 nmethods=1949 adapters=446
 compilation: enabled
              stopped_count=0, restarted_count=0
 full_count=0

Compilation events (20 events):
Event: 11.601 Thread 0x000001af434a6f10 1935       3       java.util.ArrayDeque::dec (13 bytes)
Event: 11.602 Thread 0x000001af434a6f10 nmethod 1935 0x000001af2d88aa90 code [0x000001af2d88ac20, 0x000001af2d88ad58]
Event: 11.602 Thread 0x000001af434a6f10 1936       3       java.util.ArrayDeque::addFirst (51 bytes)
Event: 11.603 Thread 0x000001af434a6f10 nmethod 1936 0x000001af2d88ae10 code [0x000001af2d88afe0, 0x000001af2d88b4b8]
Event: 11.608 Thread 0x000001af434a6f10 1937       3       java.lang.invoke.BoundMethodHandle$Species_L::<init> (12 bytes)
Event: 11.609 Thread 0x000001af434a6f10 nmethod 1937 0x000001af2d88b610 code [0x000001af2d88b7c0, 0x000001af2d88b9e8]
Event: 11.625 Thread 0x000001af434a6f10 1938       1       java.util.TreeMap$Entry::getKey (5 bytes)
Event: 11.625 Thread 0x000001af434a6f10 nmethod 1938 0x000001af35057d90 code [0x000001af35057f20, 0x000001af35057ff8]
Event: 11.626 Thread 0x000001af434a6f10 1939       3       java.lang.StringBuilder::append (6 bytes)
Event: 11.626 Thread 0x000001af434a6f10 nmethod 1939 0x000001af2d88bb10 code [0x000001af2d88bcc0, 0x000001af2d88be68]
Event: 11.626 Thread 0x000001af434a6f10 1940       3       java.util.Formatter$FormatSpecifier::print (230 bytes)
Event: 11.629 Thread 0x000001af434a6f10 nmethod 1940 0x000001af2d88bf10 code [0x000001af2d88c1c0, 0x000001af2d88cc08]
Event: 11.633 Thread 0x000001af434a4550 1941       4       java.util.ArrayList::get (15 bytes)
Event: 11.635 Thread 0x000001af434a4550 nmethod 1941 0x000001af35058090 code [0x000001af35058200, 0x000001af350582f8]
Event: 11.636 Thread 0x000001af434a6f10 1942       3       java.util.Formatter$FormatSpecifier::appendJustified (91 bytes)
Event: 11.637 Thread 0x000001af434a6f10 nmethod 1942 0x000001af2d88ce90 code [0x000001af2d88d0a0, 0x000001af2d88d888]
Event: 11.641 Thread 0x000001af434a6f10 1944       3       java.lang.invoke.AbstractValidatingLambdaMetafactory::validateMetafactoryArgs (607 bytes)
Event: 11.642 Thread 0x000001af434a4550 1954       4       java.util.Objects::requireNonNull (15 bytes)
Event: 11.643 Thread 0x000001af434a4550 nmethod 1954 0x000001af35058890 code [0x000001af35058a00, 0x000001af35058a78]
Event: 11.646 Thread 0x000001af434a4550 1955       4       jdk.internal.org.objectweb.asm.SymbolTable::addConstantUtf8Reference (101 bytes)

GC Heap History (4 events):
Event: 2.564 GC heap before
{Heap before GC invocations=0 (full 0):
 garbage-first heap   total 131072K, used 16384K [0x0000000081e00000, 0x0000000100000000)
  region size 1024K, 13 young (13312K), 0 survivors (0K)
 Metaspace       used 5603K, committed 5760K, reserved 1114112K
  class space    used 682K, committed 768K, reserved 1048576K
}
Event: 2.578 GC heap after
{Heap after GC invocations=1 (full 0):
 garbage-first heap   total 131072K, used 6385K [0x0000000081e00000, 0x0000000100000000)
  region size 1024K, 2 young (2048K), 2 survivors (2048K)
 Metaspace       used 5603K, committed 5760K, reserved 1114112K
  class space    used 682K, committed 768K, reserved 1048576K
}
Event: 3.798 GC heap before
{Heap before GC invocations=1 (full 0):
 garbage-first heap   total 131072K, used 17649K [0x0000000081e00000, 0x0000000100000000)
  region size 1024K, 14 young (14336K), 2 survivors (2048K)
 Metaspace       used 11118K, committed 11392K, reserved 1114112K
  class space    used 1340K, committed 1472K, reserved 1048576K
}
Event: 3.805 GC heap after
{Heap after GC invocations=2 (full 0):
 garbage-first heap   total 131072K, used 8428K [0x0000000081e00000, 0x0000000100000000)
  region size 1024K, 2 young (2048K), 2 survivors (2048K)
 Metaspace       used 11118K, committed 11392K, reserved 1114112K
  class space    used 1340K, committed 1472K, reserved 1048576K
}

Deoptimization events (20 events):
Event: 3.549 Thread 0x000001af25c3fc10 Uncommon trap: trap_request=0xffffffde fr.pc=0x000001af3502e5b4 relative=0x0000000000000114
Event: 3.549 Thread 0x000001af25c3fc10 Uncommon trap: reason=class_check action=maybe_recompile pc=0x000001af3502e5b4 method=jdk.internal.misc.Unsafe.allocateUninitializedArray(Ljava/lang/Class;I)Ljava/lang/Object; @ 51 c2
Event: 3.549 Thread 0x000001af25c3fc10 DEOPT PACKING pc=0x000001af3502e5b4 sp=0x00000047c89fbc20
Event: 3.549 Thread 0x000001af25c3fc10 DEOPT UNPACKING pc=0x000001af34a723a3 sp=0x00000047c89fbba8 mode 2
Event: 3.550 Thread 0x000001af25c3fc10 Uncommon trap: trap_request=0xffffffde fr.pc=0x000001af3502e5b4 relative=0x0000000000000114
Event: 3.550 Thread 0x000001af25c3fc10 Uncommon trap: reason=class_check action=maybe_recompile pc=0x000001af3502e5b4 method=jdk.internal.misc.Unsafe.allocateUninitializedArray(Ljava/lang/Class;I)Ljava/lang/Object; @ 51 c2
Event: 3.550 Thread 0x000001af25c3fc10 DEOPT PACKING pc=0x000001af3502e5b4 sp=0x00000047c89fb970
Event: 3.550 Thread 0x000001af25c3fc10 DEOPT UNPACKING pc=0x000001af34a723a3 sp=0x00000047c89fb8f8 mode 2
Event: 3.673 Thread 0x000001af25c3fc10 DEOPT PACKING pc=0x000001af2d6d94ea sp=0x00000047c89f8c90
Event: 3.673 Thread 0x000001af25c3fc10 DEOPT UNPACKING pc=0x000001af34a72b43 sp=0x00000047c89f81a0 mode 0
Event: 6.381 Thread 0x000001af25c3fc10 Uncommon trap: trap_request=0xffffff45 fr.pc=0x000001af3503e148 relative=0x0000000000000da8
Event: 6.381 Thread 0x000001af25c3fc10 Uncommon trap: reason=unstable_if action=reinterpret pc=0x000001af3503e148 method=java.util.HashMap.putVal(ILjava/lang/Object;Ljava/lang/Object;ZZ)Ljava/lang/Object; @ 81 c2
Event: 6.381 Thread 0x000001af25c3fc10 DEOPT PACKING pc=0x000001af3503e148 sp=0x00000047c89fcd80
Event: 6.381 Thread 0x000001af25c3fc10 DEOPT UNPACKING pc=0x000001af34a723a3 sp=0x00000047c89fcd30 mode 2
Event: 6.423 Thread 0x000001af25c3fc10 Uncommon trap: trap_request=0xffffff45 fr.pc=0x000001af350092dc relative=0x0000000000000ebc
Event: 6.423 Thread 0x000001af25c3fc10 Uncommon trap: reason=unstable_if action=reinterpret pc=0x000001af350092dc method=java.util.concurrent.ConcurrentHashMap.putVal(Ljava/lang/Object;Ljava/lang/Object;Z)Ljava/lang/Object; @ 231 c2
Event: 6.423 Thread 0x000001af25c3fc10 DEOPT PACKING pc=0x000001af350092dc sp=0x00000047c89fd5d0
Event: 6.423 Thread 0x000001af25c3fc10 DEOPT UNPACKING pc=0x000001af34a723a3 sp=0x00000047c89fd540 mode 2
Event: 6.426 Thread 0x000001af25c3fc10 DEOPT PACKING pc=0x000001af2d5fac27 sp=0x00000047c89fce70
Event: 6.426 Thread 0x000001af25c3fc10 DEOPT UNPACKING pc=0x000001af34a72b43 sp=0x00000047c89fc2d0 mode 0

Classes unloaded (0 events):
No events

Classes redefined (0 events):
No events

Internal exceptions (20 events):
Event: 3.316 Thread 0x000001af25c3fc10 Exception <a 'java/lang/NoSuchMethodError'{0x00000000897d66e8}: 'int java.lang.invoke.DirectMethodHandle$Holder.invokeSpecialIFC(java.lang.Object, java.lang.Object, java.lang.Object, java.lang.Object)'> (0x00000000897d66e8) 
thrown [s\open\src\hotspot\share\interpreter\linkResolver.cpp, line 759]
Event: 3.340 Thread 0x000001af25c3fc10 Exception <a 'java/lang/NoSuchMethodError'{0x000000008963aa48}: 'java.lang.Object java.lang.invoke.DirectMethodHandle$Holder.invokeVirtual(java.lang.Object, java.lang.Object, java.lang.Object, java.lang.Object)'> (0x000000008963aa48) 
thrown [s\open\src\hotspot\share\interpreter\linkResolver.cpp, line 759]
Event: 3.395 Thread 0x000001af894c7680 Exception <a 'java/net/ConnectException'{0x00000000896e1b30}: Connection refused: no further information> (0x00000000896e1b30) 
thrown [s\open\src\hotspot\share\prims\jni.cpp, line 535]
Event: 3.396 Thread 0x000001af894c7680 Exception <a 'java/net/SocketException'{0x00000000896e1e68}: Socket is not connected: shutdown> (0x00000000896e1e68) 
thrown [s\open\src\hotspot\share\prims\jni.cpp, line 535]
Event: 3.417 Thread 0x000001af894c7680 Exception <a 'java/net/ConnectException'{0x00000000896e2e60}: Connection refused: no further information> (0x00000000896e2e60) 
thrown [s\open\src\hotspot\share\prims\jni.cpp, line 535]
Event: 3.418 Thread 0x000001af894c7680 Exception <a 'java/net/SocketException'{0x00000000896e3198}: Socket is not connected: shutdown> (0x00000000896e3198) 
thrown [s\open\src\hotspot\share\prims\jni.cpp, line 535]
Event: 3.448 Thread 0x000001af894c7680 Exception <a 'java/net/ConnectException'{0x00000000896e40c0}: Connection refused: no further information> (0x00000000896e40c0) 
thrown [s\open\src\hotspot\share\prims\jni.cpp, line 535]
Event: 3.449 Thread 0x000001af894c7680 Exception <a 'java/net/SocketException'{0x00000000896e43f8}: Socket is not connected: shutdown> (0x00000000896e43f8) 
thrown [s\open\src\hotspot\share\prims\jni.cpp, line 535]
Event: 3.563 Thread 0x000001af25c3fc10 Exception <a 'java/lang/NoSuchMethodError'{0x00000000895de1c8}: 'java.lang.Object java.lang.invoke.DirectMethodHandle$Holder.newInvokeSpecial(java.lang.Object, java.lang.Object, int, int)'> (0x00000000895de1c8) 
thrown [s\open\src\hotspot\share\interpreter\linkResolver.cpp, line 759]
Event: 3.565 Thread 0x000001af25c3fc10 Exception <a 'java/lang/NoSuchMethodError'{0x00000000895e8f10}: 'void java.lang.invoke.DirectMethodHandle$Holder.invokeStatic(java.lang.Object, java.lang.Object, int)'> (0x00000000895e8f10) 
thrown [s\open\src\hotspot\share\interpreter\linkResolver.cpp, line 759]
Event: 3.814 Thread 0x000001af25c3fc10 Exception <a 'java/lang/NoSuchMethodError'{0x0000000089d26800}: 'void java.lang.invoke.DirectMethodHandle$Holder.invokeSpecial(java.lang.Object, java.lang.Object, java.lang.Object)'> (0x0000000089d26800) 
thrown [s\open\src\hotspot\share\interpreter\linkResolver.cpp, line 759]
Event: 3.883 Thread 0x000001af893a23b0 Exception <a 'java/lang/NoSuchMethodError'{0x0000000089c53710}: 'java.lang.Object java.lang.invoke.DirectMethodHandle$Holder.invokeSpecial(java.lang.Object, java.lang.Object, java.lang.Object, java.lang.Object, int)'> (0x0000000089c53710) 
thrown [s\open\src\hotspot\share\interpreter\linkResolver.cpp, line 759]
Event: 3.883 Thread 0x000001af893a23b0 Exception <a 'java/lang/NoSuchMethodError'{0x0000000089c572d8}: 'java.lang.Object java.lang.invoke.Invokers$Holder.linkToTargetMethod(java.lang.Object, java.lang.Object, int, java.lang.Object)'> (0x0000000089c572d8) 
thrown [s\open\src\hotspot\share\interpreter\linkResolver.cpp, line 759]
Event: 3.924 Thread 0x000001af893a23b0 Exception <a 'java/lang/NoSuchMethodError'{0x0000000089ca9960}: 'void java.lang.invoke.DirectMethodHandle$Holder.invokeSpecial(java.lang.Object, java.lang.Object, java.lang.Object, java.lang.Object, java.lang.Object)'> (0x0000000089ca9960) 
thrown [s\open\src\hotspot\share\interpreter\linkResolver.cpp, line 759]
Event: 6.085 Thread 0x000001af893a3bc0 Exception <a 'java/lang/NoSuchMethodError'{0x0000000089bc4f78}: 'void java.lang.invoke.DirectMethodHandle$Holder.invokeSpecial(java.lang.Object, java.lang.Object, java.lang.Object, java.lang.Object, java.lang.Object, java.lang.Object, java.lang.Object)'> (0x0000000089bc4f78) 
thrown [s\open\src\hotspot\share\interpreter\linkResolver.cpp, line 759]
Event: 6.368 Thread 0x000001af25c3fc10 Exception <a 'java/lang/NoSuchMethodError'{0x0000000089942ae0}: 'java.lang.Object java.lang.invoke.DirectMethodHandle$Holder.invokeSpecialIFC(java.lang.Object, java.lang.Object, java.lang.Object)'> (0x0000000089942ae0) 
thrown [s\open\src\hotspot\share\interpreter\linkResolver.cpp, line 759]
Event: 6.850 Thread 0x000001af25c3fc10 Exception <a 'java/lang/NoSuchMethodError'{0x00000000897e0bf0}: 'java.lang.Object java.lang.invoke.DirectMethodHandle$Holder.invokeStatic(java.lang.Object, int, java.lang.Object)'> (0x00000000897e0bf0) 
thrown [s\open\src\hotspot\share\interpreter\linkResolver.cpp, line 759]
Event: 6.862 Thread 0x000001af25c3fc10 Exception <a 'java/lang/ClassNotFoundException'{0x00000000897f8f78}: sun/util/logging/resources/spi/loggingProvider> (0x00000000897f8f78) 
thrown [s\open\src\hotspot\share\classfile\systemDictionary.cpp, line 256]
Event: 11.610 Thread 0x000001af25c3fc10 Exception <a 'java/lang/NoSuchMethodError'{0x00000000895a05c0}: 'java.lang.Object java.lang.invoke.Invokers$Holder.invokeExact_MT(java.lang.Object, java.lang.Object, java.lang.Object, java.lang.Object, java.lang.Object, java.lang.Object)'> (0x00000000895a05c0) 
thrown [s\open\src\hotspot\share\interpreter\linkResolver.cpp, line 759]
Event: 11.620 Thread 0x000001af25c3fc10 Exception <a 'java/lang/ClassNotFoundException'{0x00000000895f24d0}: sun/misc/SharedSecrets> (0x00000000895f24d0) 
thrown [s\open\src\hotspot\share\classfile\systemDictionary.cpp, line 256]

VM Operations (20 events):
Event: 2.564 Executing VM operation: G1CollectForAllocation
Event: 2.578 Executing VM operation: G1CollectForAllocation done
Event: 2.804 Executing VM operation: HandshakeAllThreads
Event: 2.804 Executing VM operation: HandshakeAllThreads done
Event: 3.106 Executing VM operation: HandshakeAllThreads
Event: 3.106 Executing VM operation: HandshakeAllThreads done
Event: 3.499 Executing VM operation: HandshakeAllThreads
Event: 3.499 Executing VM operation: HandshakeAllThreads done
Event: 3.501 Executing VM operation: HandshakeAllThreads
Event: 3.501 Executing VM operation: HandshakeAllThreads done
Event: 3.798 Executing VM operation: G1CollectForAllocation
Event: 3.805 Executing VM operation: G1CollectForAllocation done
Event: 4.807 Executing VM operation: Cleanup
Event: 4.807 Executing VM operation: Cleanup done
Event: 6.829 Executing VM operation: Cleanup
Event: 6.829 Executing VM operation: Cleanup done
Event: 7.835 Executing VM operation: Cleanup
Event: 7.835 Executing VM operation: Cleanup done
Event: 9.842 Executing VM operation: Cleanup
Event: 9.842 Executing VM operation: Cleanup done

Events (20 events):
Event: 9.322 loading class java/net/URLEncoder
Event: 9.323 loading class java/net/URLEncoder done
Event: 9.323 loading class java/util/BitSet
Event: 9.324 loading class java/util/BitSet done
Event: 9.325 loading class java/io/CharArrayWriter
Event: 9.325 loading class java/io/CharArrayWriter done
Event: 11.611 loading class java/util/stream/SortedOps
Event: 11.612 loading class java/util/stream/SortedOps done
Event: 11.612 loading class java/util/stream/SortedOps$OfRef
Event: 11.612 loading class java/util/stream/SortedOps$OfRef done
Event: 11.612 loading class java/util/stream/SortedOps$RefSortingSink
Event: 11.615 loading class java/util/stream/SortedOps$AbstractRefSortingSink
Event: 11.615 loading class java/util/stream/SortedOps$AbstractRefSortingSink done
Event: 11.615 loading class java/util/stream/SortedOps$RefSortingSink done
Event: 11.620 loading class sun/misc/SharedSecrets
Event: 11.620 loading class sun/misc/SharedSecrets done
Event: 11.621 loading class java/util/TreeMap$EntrySpliterator
Event: 11.621 loading class java/util/TreeMap$EntrySpliterator done
Event: 11.624 loading class java/util/stream/SortedOps$SizedRefSortingSink
Event: 11.624 loading class java/util/stream/SortedOps$SizedRefSortingSink done


Dynamic libraries:
0x00007ff6f8930000 - 0x00007ff6f8940000 	C:\Program Files\Java\jdk-17\bin\java.exe
0x00007ffe60610000 - 0x00007ffe60808000 	C:\Windows\SYSTEM32\ntdll.dll
0x00007ffe60050000 - 0x00007ffe6010d000 	C:\Windows\System32\KERNEL32.DLL
0x00007ffe5dd40000 - 0x00007ffe5e036000 	C:\Windows\System32\KERNELBASE.dll
0x00007ffe5e4a0000 - 0x00007ffe5e5a0000 	C:\Windows\System32\ucrtbase.dll
0x00007ffe4dec0000 - 0x00007ffe4dedb000 	C:\Program Files\Java\jdk-17\bin\VCRUNTIME140.dll
0x00007ffe4df30000 - 0x00007ffe4df49000 	C:\Program Files\Java\jdk-17\bin\jli.dll
0x00007ffe5fde0000 - 0x00007ffe5fe8f000 	C:\Windows\System32\ADVAPI32.dll
0x00007ffe601b0000 - 0x00007ffe6024e000 	C:\Windows\System32\msvcrt.dll
0x00007ffe60110000 - 0x00007ffe601ac000 	C:\Windows\System32\sechost.dll
0x00007ffe60380000 - 0x00007ffe604a6000 	C:\Windows\System32\RPCRT4.dll
0x00007ffe5f5a0000 - 0x00007ffe5f73e000 	C:\Windows\System32\USER32.dll
0x00007ffe5e1f0000 - 0x00007ffe5e212000 	C:\Windows\System32\win32u.dll
0x00007ffe5f750000 - 0x00007ffe5f77c000 	C:\Windows\System32\GDI32.dll
0x00007ffe5e040000 - 0x00007ffe5e15a000 	C:\Windows\System32\gdi32full.dll
0x00007ffe5e5a0000 - 0x00007ffe5e63d000 	C:\Windows\System32\msvcp_win.dll
0x00007ffe4da80000 - 0x00007ffe4dd1a000 	C:\Windows\WinSxS\amd64_microsoft.windows.common-controls_6595b64144ccf1df_6.0.19041.3636_none_60b6a03d71f818d5\COMCTL32.dll
0x00007ffe524a0000 - 0x00007ffe524aa000 	C:\Windows\SYSTEM32\VERSION.dll
0x00007ffe5e7a0000 - 0x00007ffe5e7d0000 	C:\Windows\System32\IMM32.DLL
0x00007ffe5af70000 - 0x00007ffe5af7c000 	C:\Program Files\Java\jdk-17\bin\vcruntime140_1.dll
0x00007ffe461d0000 - 0x00007ffe4625e000 	C:\Program Files\Java\jdk-17\bin\msvcp140.dll
0x00007ffddc020000 - 0x00007ffddcbfe000 	C:\Program Files\Java\jdk-17\bin\server\jvm.dll
0x00007ffe5f740000 - 0x00007ffe5f748000 	C:\Windows\System32\PSAPI.DLL
0x00007ffe55af0000 - 0x00007ffe55af9000 	C:\Windows\SYSTEM32\WSOCK32.dll
0x00007ffe5fe90000 - 0x00007ffe5fefb000 	C:\Windows\System32\WS2_32.dll
0x00007ffe491d0000 - 0x00007ffe491f7000 	C:\Windows\SYSTEM32\WINMM.dll
0x00007ffe5bbb0000 - 0x00007ffe5bbc2000 	C:\Windows\SYSTEM32\kernel.appcore.dll
0x00007ffe57330000 - 0x00007ffe5733a000 	C:\Program Files\Java\jdk-17\bin\jimage.dll
0x00007ffe570e0000 - 0x00007ffe572c4000 	C:\Windows\SYSTEM32\DBGHELP.DLL
0x00007ffe56760000 - 0x00007ffe56794000 	C:\Windows\SYSTEM32\dbgcore.DLL
0x00007ffe5e160000 - 0x00007ffe5e1e2000 	C:\Windows\System32\bcryptPrimitives.dll
0x00007ffe55d50000 - 0x00007ffe55d5e000 	C:\Program Files\Java\jdk-17\bin\instrument.dll
0x00007ffe46130000 - 0x00007ffe46155000 	C:\Program Files\Java\jdk-17\bin\java.dll
0x00007ffe1e3f0000 - 0x00007ffe1e4c7000 	C:\Program Files\Java\jdk-17\bin\jsvml.dll
0x00007ffe5e7d0000 - 0x00007ffe5ef14000 	C:\Windows\System32\SHELL32.dll
0x00007ffe5bdb0000 - 0x00007ffe5c54b000 	C:\Windows\SYSTEM32\windows.storage.dll
0x00007ffe5f810000 - 0x00007ffe5fb64000 	C:\Windows\System32\combase.dll
0x00007ffe5d730000 - 0x00007ffe5d75d000 	C:\Windows\SYSTEM32\Wldp.dll
0x00007ffe602d0000 - 0x00007ffe6037d000 	C:\Windows\System32\SHCORE.dll
0x00007ffe5ef20000 - 0x00007ffe5ef75000 	C:\Windows\System32\shlwapi.dll
0x00007ffe5dc20000 - 0x00007ffe5dc45000 	C:\Windows\SYSTEM32\profapi.dll
0x00007ffe47fa0000 - 0x00007ffe47fb8000 	C:\Program Files\Java\jdk-17\bin\zip.dll
0x00007ffe46eb0000 - 0x00007ffe46ec9000 	C:\Program Files\Java\jdk-17\bin\net.dll
0x00007ffe55be0000 - 0x00007ffe55cea000 	C:\Windows\SYSTEM32\WINHTTP.dll
0x00007ffe5d490000 - 0x00007ffe5d4fa000 	C:\Windows\system32\mswsock.dll
0x00007ffe46ac0000 - 0x00007ffe46ad6000 	C:\Program Files\Java\jdk-17\bin\nio.dll
0x00007ffe49370000 - 0x00007ffe4938a000 	C:\Program Files\JetBrains\IntelliJ IDEA Community Edition 2023.2.2\bin\breakgen64.dll
0x00007ffe50ef0000 - 0x00007ffe50f00000 	C:\Program Files\Java\jdk-17\bin\verify.dll
0x00007ffe5d180000 - 0x00007ffe5d24a000 	C:\Windows\SYSTEM32\DNSAPI.dll
0x00007ffe5d130000 - 0x00007ffe5d16b000 	C:\Windows\SYSTEM32\IPHLPAPI.DLL
0x00007ffe5ffe0000 - 0x00007ffe5ffe8000 	C:\Windows\System32\NSI.dll
0x00007ffe54170000 - 0x00007ffe5417a000 	C:\Windows\System32\rasadhlp.dll
0x00007ffe54980000 - 0x00007ffe54a00000 	C:\Windows\System32\fwpuclnt.dll
0x00007ffe5e640000 - 0x00007ffe5e667000 	C:\Windows\System32\bcrypt.dll
0x00007ffe4deb0000 - 0x00007ffe4debe000 	C:\Program Files\Java\jdk-17\bin\sunmscapi.dll
0x00007ffe5e220000 - 0x00007ffe5e37d000 	C:\Windows\System32\CRYPT32.dll
0x00007ffe5d7a0000 - 0x00007ffe5d7c7000 	C:\Windows\SYSTEM32\ncrypt.dll
0x00007ffe5d760000 - 0x00007ffe5d79b000 	C:\Windows\SYSTEM32\NTASN1.dll
0x00007ffe5d690000 - 0x00007ffe5d6a8000 	C:\Windows\SYSTEM32\CRYPTSP.dll
0x00007ffe5cd50000 - 0x00007ffe5cd84000 	C:\Windows\system32\rsaenh.dll
0x00007ffe5dbe0000 - 0x00007ffe5dc0e000 	C:\Windows\SYSTEM32\USERENV.dll
0x00007ffe5d680000 - 0x00007ffe5d68c000 	C:\Windows\SYSTEM32\CRYPTBASE.dll
0x00007ffe565d0000 - 0x00007ffe565e7000 	C:\Windows\SYSTEM32\dhcpcsvc6.DLL
0x00007ffe570c0000 - 0x00007ffe570dd000 	C:\Windows\SYSTEM32\dhcpcsvc.DLL
0x00007ffe57320000 - 0x00007ffe57327000 	C:\Windows\system32\wshunix.dll

dbghelp: loaded successfully - version: 4.0.5 - missing functions: none
symbol engine: initialized successfully - sym options: 0x614 - pdb path: .;C:\Program Files\Java\jdk-17\bin;C:\Windows\SYSTEM32;C:\Windows\WinSxS\amd64_microsoft.windows.common-controls_6595b64144ccf1df_6.0.19041.3636_none_60b6a03d71f818d5;C:\Program Files\Java\jdk-17\bin\server;C:\Program Files\JetBrains\IntelliJ IDEA Community Edition 2023.2.2\bin

VM Arguments:
jvm_args: -ea -Didea.test.cyclic.buffer.size=1048576 -javaagent:C:\Program Files\JetBrains\IntelliJ IDEA Community Edition 2023.2.2\lib\idea_rt.jar=56008:C:\Program Files\JetBrains\IntelliJ IDEA Community Edition 2023.2.2\bin -Dfile.encoding=UTF-8 
java_command: com.intellij.rt.junit.JUnitStarter -ideVersion5 -junit4 testsuite.LoginTest,userShouldLoginSuccessfullyWithValidCredentials
java_class_path (initial): C:\Program Files\JetBrains\IntelliJ IDEA Community Edition 2023.2.2\lib\idea_rt.jar;C:\Program Files\JetBrains\IntelliJ IDEA Community Edition 2023.2.2\plugins\junit\lib\junit5-rt.jar;C:\Program Files\JetBrains\IntelliJ IDEA Community Edition 2023.2.2\plugins\junit\lib\junit-rt.jar;C:\Users\Vishal\IdeaProjects\com-nopcommerce-sw-2\out\production\com-nopcommerce-sw-2;C:\Users\Vishal\IdeaProjects\com-nopcommerce-sw-2\jars\hamcrest-core-1.3.jar;C:\Users\Vishal\IdeaProjects\com-nopcommerce-sw-2\jars\junit-4.13.2.jar;C:\Users\Vishal\IdeaProjects\com-nopcommerce-sw-2\jars\selenium-server-4.15.0.jar
Launcher Type: SUN_STANDARD

[Global flags]
     intx CICompilerCount                          = 3                                         {product} {ergonomic}
     uint ConcGCThreads                            = 1                                         {product} {ergonomic}
     uint G1ConcRefinementThreads                  = 4                                         {product} {ergonomic}
   size_t G1HeapRegionSize                         = 1048576                                   {product} {ergonomic}
    uintx GCDrainStackTargetSize                   = 64                                        {product} {ergonomic}
   size_t InitialHeapSize                          = 134217728                                 {product} {ergonomic}
   size_t MarkStackSize                            = 4194304                                   {product} {ergonomic}
   size_t MaxHeapSize                              = 2116026368                                {product} {ergonomic}
   size_t MaxNewSize                               = 1268776960                                {product} {ergonomic}
   size_t MinHeapDeltaBytes                        = 1048576                                   {product} {ergonomic}
   size_t MinHeapSize                              = 8388608                                   {product} {ergonomic}
    uintx NonNMethodCodeHeapSize                   = 5832780                                {pd product} {ergonomic}
    uintx NonProfiledCodeHeapSize                  = 122912730                              {pd product} {ergonomic}
    uintx ProfiledCodeHeapSize                     = 122912730                              {pd product} {ergonomic}
    uintx ReservedCodeCacheSize                    = 251658240                              {pd product} {ergonomic}
     bool SegmentedCodeCache                       = true                                      {product} {ergonomic}
   size_t SoftMaxHeapSize                          = 2116026368                             {manageable} {ergonomic}
     bool UseCompressedClassPointers               = true                           {product lp64_product} {ergonomic}
     bool UseCompressedOops                        = true                           {product lp64_product} {ergonomic}
     bool UseG1GC                                  = true                                      {product} {ergonomic}
     bool UseLargePagesIndividualAllocation        = false                                  {pd product} {ergonomic}

Logging:
Log output configuration:
 #0: stdout all=warning uptime,level,tags
 #1: stderr all=off uptime,level,tags

Environment Variables:
JAVA_HOME=C:\Program Files\Java\jdk-17
PATH=C:\Program Files\Common Files\Oracle\Java\javapath;C:\Program Files (x86)\Intel\iCLS Client\;C:\Program Files\Intel\iCLS Client\;C:\Windows\system32;C:\Windows;C:\Windows\System32\Wbem;C:\Windows\System32\WindowsPowerShell\v1.0\;C:\Windows\System32\OpenSSH\;C:\Program Files\Intel\Intel(R) Management Engine Components\DAL;C:\Program Files (x86)\Intel\Intel(R) Management Engine Components\DAL;C:\Program Files\Intel\Intel(R) Management Engine Components\IPT;C:\Program Files (x86)\Intel\Intel(R) Management Engine Components\IPT;C:\Program Files\Java\jdk-19\bin;C:\Program Files\Java\jdk-17\bin;C:\Program Files\Git\cmd;C:\Users\Vishal\AppData\Local\Microsoft\WindowsApps;
USERNAME=Vishal
OS=Windows_NT
PROCESSOR_IDENTIFIER=Intel64 Family 6 Model 58 Stepping 9, GenuineIntel



---------------  S Y S T E M  ---------------

OS:
 Windows 10 , 64 bit Build 19041 (10.0.19041.3636)
OS uptime: 2 days 5:40 hours

CPU: total 4 (initial active 4) (2 cores per cpu, 2 threads per core) family 6 model 58 stepping 9 microcode 0x21, cx8, cmov, fxsr, ht, mmx, sse, sse2, sse3, ssse3, sse4.1, sse4.2, popcnt, tsc, tscinvbit, avx, aes, erms, clmul, vzeroupper, clflush

Memory: 4k page, system-wide physical 8066M (523M free)
TotalPageFile size 21187M (AvailPageFile size 5M)
current process WorkingSet (physical memory assigned to process): 85M, peak: 100M
current process commit charge ("private bytes"): 226M, peak: 242M

vm_info: Java HotSpot(TM) 64-Bit Server VM (17.0.8+9-LTS-211) for windows-amd64 JRE (17.0.8+9-LTS-211), built on Jun 14 2023 10:34:31 by "mach5one" with MS VC++ 17.1 (VS2022)

END.
